app/manifest-merger-release-report.txt
-- Merging decision tree log ---
manifest
ADDED from AndroidManifest.xml:2:1
	xmlns:android
		ADDED from AndroidManifest.xml:2:11
	package
		ADDED from AndroidManifest.xml:3:11
		INJECTED from AndroidManifest.xml:0:0
		INJECTED from AndroidManifest.xml:0:0
	android:versionName
		INJECTED from AndroidManifest.xml:0:0
		INJECTED from AndroidManifest.xml:0:0
	android:versionCode
		INJECTED from AndroidManifest.xml:0:0
		INJECTED from AndroidManifest.xml:0:0
application
ADDED from AndroidManifest.xml:4:5
MERGED from Bitemap:volley:unspecified:9:5
MERGED from com.android.support:appcompat-v7:21.0.3:16:5
MERGED from com.android.support:support-v4:21.0.3:16:5
MERGED from com.google.android.gms:play-services:6.5.87:20:5
MERGED from com.android.support:support-v4:21.0.3:16:5
MERGED from com.crashlytics.sdk.android:crashlytics:2.3.2:11:5
MERGED from com.crashlytics.sdk.android:answers:1.2.2:9:5
MERGED from io.fabric.sdk.android:fabric:1.3.3:25:5
MERGED from io.fabric.sdk.android:fabric:1.3.3:25:5
MERGED from com.crashlytics.sdk.android:crashlytics-core:2.3.2:11:5
MERGED from com.crashlytics.sdk.android:answers:1.2.2:9:5
MERGED from io.fabric.sdk.android:fabric:1.3.3:25:5
MERGED from io.fabric.sdk.android:fabric:1.3.3:25:5
MERGED from com.crashlytics.sdk.android:beta:1.1.2:9:5
	android:label
		ADDED from AndroidManifest.xml:7:13
	android:allowBackup
		ADDED from AndroidManifest.xml:5:13
	android:icon
		ADDED from AndroidManifest.xml:6:13
	android:theme
		ADDED from AndroidManifest.xml:8:13
	android:largeHeap
		ADDED from AndroidManifest.xml:10:13
	android:name
		ADDED from AndroidManifest.xml:9:13
activity#com.gb.ml.bitemap.MainActivity
ADDED from AndroidManifest.xml:11:9
	android:noHistory
		ADDED from AndroidManifest.xml:13:17
	android:label
		ADDED from AndroidManifest.xml:14:17
	android:name
		ADDED from AndroidManifest.xml:12:17
intent-filter#android.intent.action.MAIN+android.intent.category.LAUNCHER
ADDED from AndroidManifest.xml:15:13
action#android.intent.action.MAIN
ADDED from AndroidManifest.xml:16:17
	android:name
		ADDED from AndroidManifest.xml:16:25
category#android.intent.category.LAUNCHER
ADDED from AndroidManifest.xml:18:17
	android:name
		ADDED from AndroidManifest.xml:18:27
activity#com.gb.ml.bitemap.ScheduleActivity
ADDED from AndroidManifest.xml:21:9
	android:name
		ADDED from AndroidManifest.xml:21:19
activity#com.gb.ml.bitemap.AllFoodTrucksActivity
ADDED from AndroidManifest.xml:22:9
	android:name
		ADDED from AndroidManifest.xml:22:19
activity#com.gb.ml.bitemap.DetailActivity
ADDED from AndroidManifest.xml:23:9
	android:screenOrientation
		ADDED from AndroidManifest.xml:23:50
	android:name
		ADDED from AndroidManifest.xml:23:19
activity#com.gb.ml.bitemap.MapActivity
ADDED from AndroidManifest.xml:24:9
	android:name
		ADDED from AndroidManifest.xml:24:19
activity#com.gb.ml.bitemap.GridViewGalleryActivity
ADDED from AndroidManifest.xml:25:9
	android:name
		ADDED from AndroidManifest.xml:25:19
activity#com.gb.ml.bitemap.FullScreenImageActivity
ADDED from AndroidManifest.xml:26:9
	android:name
		ADDED from AndroidManifest.xml:26:19
activity#com.gb.ml.bitemap.SubScheduleActivity
ADDED from AndroidManifest.xml:27:9
	android:name
		ADDED from AndroidManifest.xml:27:19
activity#com.gb.ml.bitemap.FeedbackActivity
ADDED from AndroidManifest.xml:28:9
	android:name
		ADDED from AndroidManifest.xml:28:19
activity#com.gb.ml.bitemap.AboutActivity
ADDED from AndroidManifest.xml:29:9
	android:name
		ADDED from AndroidManifest.xml:29:19
meta-data#com.google.android.gms.version
ADDED from AndroidManifest.xml:30:9
MERGED from com.google.android.gms:play-services:6.5.87:21:9
	android:name
		ADDED from AndroidManifest.xml:30:20
	android:value
		ADDED from AndroidManifest.xml:31:20
meta-data#com.google.android.maps.v2.API_KEY
ADDED from AndroidManifest.xml:32:9
	android:name
		ADDED from AndroidManifest.xml:32:20
	android:value
		ADDED from AndroidManifest.xml:33:20
meta-data#io.fabric.ApiKey
ADDED from AndroidManifest.xml:34:9
	android:name
		ADDED from AndroidManifest.xml:35:13
	android:value
		ADDED from AndroidManifest.xml:36:13
uses-permission#android.permission.ACCESS_NETWORK_STATE
ADDED from AndroidManifest.xml:38:5
	android:name
		ADDED from AndroidManifest.xml:38:22
uses-permission#android.permission.INTERNET
ADDED from AndroidManifest.xml:39:5
MERGED from com.crashlytics.sdk.android:crashlytics:2.3.2:9:5
MERGED from com.crashlytics.sdk.android:crashlytics-core:2.3.2:9:5
	android:name
		ADDED from AndroidManifest.xml:39:22
uses-permission#android.permission.WRITE_EXTERNAL_STORAGE
ADDED from AndroidManifest.xml:40:5
	android:name
		ADDED from AndroidManifest.xml:40:22
uses-permission#android.permission.ACCESS_COARSE_LOCATION
ADDED from AndroidManifest.xml:41:5
	android:name
		ADDED from AndroidManifest.xml:41:22
uses-permission#android.permission.ACCESS_FINE_LOCATION
ADDED from AndroidManifest.xml:42:5
	android:name
		ADDED from AndroidManifest.xml:42:22
uses-sdk
INJECTED from AndroidManifest.xml:0:0 reason: use-sdk injection requested
MERGED from Bitemap:volley:unspecified:7:5
MERGED from com.android.support:appcompat-v7:21.0.3:15:5
MERGED from com.android.support:support-v4:21.0.3:15:5
MERGED from com.google.android.gms:play-services:6.5.87:18:5
MERGED from com.android.support:support-v4:21.0.3:15:5
MERGED from com.crashlytics.sdk.android:crashlytics:2.3.2:7:5
MERGED from com.crashlytics.sdk.android:answers:1.2.2:7:5
MERGED from io.fabric.sdk.android:fabric:1.3.3:23:5
MERGED from io.fabric.sdk.android:fabric:1.3.3:23:5
MERGED from com.crashlytics.sdk.android:crashlytics-core:2.3.2:7:5
MERGED from com.crashlytics.sdk.android:answers:1.2.2:7:5
MERGED from io.fabric.sdk.android:fabric:1.3.3:23:5
MERGED from io.fabric.sdk.android:fabric:1.3.3:23:5
MERGED from com.crashlytics.sdk.android:beta:1.1.2:7:5
	android:targetSdkVersion
		INJECTED from AndroidManifest.xml:0:0
		INJECTED from AndroidManifest.xml:0:0
	android:minSdkVersion
		INJECTED from AndroidManifest.xml:0:0
		INJECTED from AndroidManifest.xml:0:0